<?xml version="1.0" encoding="UTF-8"?>
<!-- Generated by org.testng.reporters.JUnitXMLReporter -->
<testsuite hostname="Deepak-Sharma1" ignored="0" name="TestCase2" tests="3" failures="0" timestamp="03 Jul 2019 10:13:38 GMT" time="209.554" errors="0">
  <testcase name="create_setup_program" time="119.795" classname="com.pfl.automation.org62.testcases.TS04_Administration_Campaign_Associated"/>
  <testcase name="verifying_send_swag_with_campaign_association" time="48.315" classname="com.pfl.automation.org62.testcases.TS04_Administration_Campaign_Associated"/>
  <testcase name="delete_order_send_swag" time="29.05" classname="com.pfl.automation.org62.testcases.TS04_Administration_Campaign_Associated"/>
</testsuite> <!-- TestCase2 -->
