<?xml version="1.0" encoding="UTF-8"?>
<!-- Generated by org.testng.reporters.JUnitXMLReporter -->
<testsuite hostname="Deepak-Sharma1" ignored="0" name="TestCase4" tests="3" failures="0" timestamp="18 May 2019 13:27:16 GMT" time="17.249" errors="0">
  <testcase name="@BeforeMethod LogIn" time="0.0" classname="com.pfl.automation.base.BaseTest">
    <failure type="java.lang.NullPointerException">
      <![CDATA[java.lang.NullPointerException
	at com.pfl.automation.base.BaseTest.LogIn(BaseTest.java:130)
... Removed 30 stack frames]]>
    </failure>
  </testcase> <!-- @BeforeMethod LogIn -->
  <testcase name="@AfterMethod Logout" time="0.0" classname="com.pfl.automation.base.BaseTest">
    <skipped/>
  </testcase> <!-- @AfterMethod Logout -->
  <testcase name="@BeforeMethod LogIn" time="0.0" classname="com.pfl.automation.base.BaseTest">
    <skipped/>
  </testcase> <!-- @BeforeMethod LogIn -->
  <testcase name="@AfterMethod Logout" time="0.0" classname="com.pfl.automation.base.BaseTest">
    <skipped/>
  </testcase> <!-- @AfterMethod Logout -->
  <testcase name="@BeforeMethod LogIn" time="0.0" classname="com.pfl.automation.base.BaseTest">
    <skipped/>
  </testcase> <!-- @BeforeMethod LogIn -->
  <testcase name="@AfterMethod Logout" time="0.0" classname="com.pfl.automation.base.BaseTest">
    <skipped/>
  </testcase> <!-- @AfterMethod Logout -->
  <testcase name="@AfterTest tearDown" time="0.0" classname="com.pfl.automation.base.BaseTest">
    <skipped/>
  </testcase> <!-- @AfterTest tearDown -->
  <testcase name="create_setup_program" time="0.0" classname="com.pfl.automation.org62.testcases.TS04_lightning">
    <skipped/>
  </testcase> <!-- create_setup_program -->
  <testcase name="verifying_send_swag_with_campaign_association" time="0.0" classname="com.pfl.automation.org62.testcases.TS04_lightning">
    <skipped/>
  </testcase> <!-- verifying_send_swag_with_campaign_association -->
  <testcase name="delete_order_send_swag" time="0.0" classname="com.pfl.automation.org62.testcases.TS04_lightning">
    <skipped/>
  </testcase> <!-- delete_order_send_swag -->
</testsuite> <!-- TestCase4 -->
