<?xml version="1.0" encoding="UTF-8"?>
<!-- Generated by org.testng.reporters.JUnitXMLReporter -->
<testsuite hostname="Deepak-Sharma1" ignored="0" name="TestCase5" tests="3" failures="0" timestamp="18 May 2019 13:26:58 GMT" time="19.086" errors="0">
  <testcase name="@BeforeMethod LogIn" time="0.0" classname="com.pfl.automation.base.BaseTest">
    <failure type="java.lang.NullPointerException">
      <![CDATA[java.lang.NullPointerException
	at com.pfl.automation.base.BaseTest.LogIn(BaseTest.java:130)
... Removed 30 stack frames]]>
    </failure>
  </testcase> <!-- @BeforeMethod LogIn -->
  <testcase name="@AfterMethod Logout" time="0.0" classname="com.pfl.automation.base.BaseTest">
    <skipped/>
  </testcase> <!-- @AfterMethod Logout -->
  <testcase name="@BeforeMethod LogIn" time="0.0" classname="com.pfl.automation.base.BaseTest">
    <skipped/>
  </testcase> <!-- @BeforeMethod LogIn -->
  <testcase name="@AfterMethod Logout" time="0.0" classname="com.pfl.automation.base.BaseTest">
    <skipped/>
  </testcase> <!-- @AfterMethod Logout -->
  <testcase name="@BeforeMethod LogIn" time="0.0" classname="com.pfl.automation.base.BaseTest">
    <skipped/>
  </testcase> <!-- @BeforeMethod LogIn -->
  <testcase name="@AfterMethod Logout" time="0.0" classname="com.pfl.automation.base.BaseTest">
    <skipped/>
  </testcase> <!-- @AfterMethod Logout -->
  <testcase name="@AfterTest tearDown" time="0.0" classname="com.pfl.automation.base.BaseTest">
    <skipped/>
  </testcase> <!-- @AfterTest tearDown -->
  <testcase name="TS05_DataSet_Creation" time="0.002" classname="com.pfl.automation.org62.testcases.TS05_lightning">
    <skipped/>
  </testcase> <!-- TS05_DataSet_Creation -->
  <testcase name="TS05_verifying_send_swag_with_multiple_products" time="0.0" classname="com.pfl.automation.org62.testcases.TS05_lightning">
    <skipped/>
  </testcase> <!-- TS05_verifying_send_swag_with_multiple_products -->
  <testcase name="TS05_DataSet_Reset" time="0.0" classname="com.pfl.automation.org62.testcases.TS05_lightning">
    <skipped/>
  </testcase> <!-- TS05_DataSet_Reset -->
</testsuite> <!-- TestCase5 -->
