<?xml version="1.0" encoding="UTF-8"?>
<!-- Generated by org.testng.reporters.JUnitXMLReporter -->
<testsuite hostname="Deepak-Sharma1" ignored="0" name="TestCase2" tests="1" failures="0" timestamp="18 May 2019 13:27:47 GMT" time="16.756" errors="0">
  <testcase name="@BeforeMethod LogIn" time="0.0" classname="com.pfl.automation.base.BaseTest">
    <failure type="java.lang.NullPointerException">
      <![CDATA[java.lang.NullPointerException
	at com.pfl.automation.base.BaseTest.LogIn(BaseTest.java:130)
... Removed 30 stack frames]]>
    </failure>
  </testcase> <!-- @BeforeMethod LogIn -->
  <testcase name="@AfterMethod Logout" time="0.0" classname="com.pfl.automation.base.BaseTest">
    <skipped/>
  </testcase> <!-- @AfterMethod Logout -->
  <testcase name="@AfterTest tearDown" time="0.0" classname="com.pfl.automation.base.BaseTest">
    <skipped/>
  </testcase> <!-- @AfterTest tearDown -->
  <testcase name="TC01" time="0.0" classname="com.pfl.automation.org62.testcases.TS02_lightning">
    <skipped/>
  </testcase> <!-- TC01 -->
</testsuite> <!-- TestCase2 -->
