<?xml version="1.0" encoding="UTF-8"?>
<!-- Generated by org.testng.reporters.JUnitXMLReporter -->
<testsuite hostname="Deepak-Sharma1" ignored="0" name="TestCase3" tests="4" failures="0" timestamp="18 May 2019 13:27:30 GMT" time="14.751" errors="0">
  <testcase name="@BeforeMethod LogIn" time="0.0" classname="com.pfl.automation.base.BaseTest">
    <failure type="java.lang.NullPointerException">
      <![CDATA[java.lang.NullPointerException
	at com.pfl.automation.base.BaseTest.LogIn(BaseTest.java:130)
... Removed 30 stack frames]]>
    </failure>
  </testcase> <!-- @BeforeMethod LogIn -->
  <testcase name="@AfterMethod Logout" time="0.0" classname="com.pfl.automation.base.BaseTest">
    <skipped/>
  </testcase> <!-- @AfterMethod Logout -->
  <testcase name="@BeforeMethod LogIn" time="0.0" classname="com.pfl.automation.base.BaseTest">
    <skipped/>
  </testcase> <!-- @BeforeMethod LogIn -->
  <testcase name="@AfterMethod Logout" time="0.0" classname="com.pfl.automation.base.BaseTest">
    <skipped/>
  </testcase> <!-- @AfterMethod Logout -->
  <testcase name="@BeforeMethod LogIn" time="0.0" classname="com.pfl.automation.base.BaseTest">
    <skipped/>
  </testcase> <!-- @BeforeMethod LogIn -->
  <testcase name="@AfterMethod Logout" time="0.0" classname="com.pfl.automation.base.BaseTest">
    <skipped/>
  </testcase> <!-- @AfterMethod Logout -->
  <testcase name="@BeforeMethod LogIn" time="0.0" classname="com.pfl.automation.base.BaseTest">
    <skipped/>
  </testcase> <!-- @BeforeMethod LogIn -->
  <testcase name="@AfterMethod Logout" time="0.0" classname="com.pfl.automation.base.BaseTest">
    <skipped/>
  </testcase> <!-- @AfterMethod Logout -->
  <testcase name="@AfterTest tearDown" time="0.0" classname="com.pfl.automation.base.BaseTest">
    <skipped/>
  </testcase> <!-- @AfterTest tearDown -->
  <testcase name="TS03_DataSet_Creation" time="0.0" classname="com.pfl.automation.org62.testcases.TS03_lightning">
    <skipped/>
  </testcase> <!-- TS03_DataSet_Creation -->
  <testcase name="TS03_01_verifying_contact_address_send_swag" time="0.0" classname="com.pfl.automation.org62.testcases.TS03_lightning">
    <skipped/>
  </testcase> <!-- TS03_01_verifying_contact_address_send_swag -->
  <testcase name="TS03_02_verifying_account_address_end_swag" time="0.001" classname="com.pfl.automation.org62.testcases.TS03_lightning">
    <skipped/>
  </testcase> <!-- TS03_02_verifying_account_address_end_swag -->
  <testcase name="TS03_DataReset" time="0.0" classname="com.pfl.automation.org62.testcases.TS03_lightning">
    <skipped/>
  </testcase> <!-- TS03_DataReset -->
</testsuite> <!-- TestCase3 -->
